2020-05-24 21:18:52.096993 | /admin/ | GET | 0.0 ms | 2020-05-24 18:18:52.097380+00:00
2020-05-24 21:18:55.243878 | /admin/ | GET | 0.0 ms | 2020-05-24 18:18:55.244431+00:00
2020-05-24 21:18:59.327182 | /admin/group/group/ | GET | 0.0 ms | 2020-05-24 18:18:59.327560+00:00
2020-05-24 21:18:59.703348 | /admin/jsi18n/ | GET | 0.0 ms | 2020-05-24 18:18:59.703659+00:00
2020-05-24 21:19:06.018209 | /admin/group/group/add/ | GET | 0.0 ms | 2020-05-24 18:19:06.018902+00:00
2020-05-24 21:19:21.777066 | /admin/group/group/ | GET | 0.0 ms | 2020-05-24 18:19:21.777384+00:00
2020-05-24 21:19:30.092222 | /admin/group/group/ | POST | 0.0 ms | 2020-05-24 18:19:30.092529+00:00
2020-05-24 21:19:30.276910 | /admin/group/group/ | GET | 0.0 ms | 2020-05-24 18:19:30.277214+00:00
2020-05-24 21:19:30.589430 | /admin/jsi18n/ | GET | 0.0 ms | 2020-05-24 18:19:30.589740+00:00
2020-05-24 21:19:34.815503 | /admin/group/ | GET | 0.0 ms | 2020-05-24 18:19:34.816575+00:00
2020-05-24 21:19:37.470329 | /admin/group/group/ | GET | 0.0 ms | 2020-05-24 18:19:37.470644+00:00
2020-05-24 21:19:37.823767 | /admin/jsi18n/ | GET | 0.0 ms | 2020-05-24 18:19:37.824222+00:00
2020-05-24 21:19:39.692730 | /admin/ | GET | 0.0 ms | 2020-05-24 18:19:39.693084+00:00
2020-05-24 21:19:43.852241 | /admin/group/group/ | GET | 0.0 ms | 2020-05-24 18:19:43.853421+00:00
2020-05-24 21:19:44.225718 | /admin/jsi18n/ | GET | 0.0 ms | 2020-05-24 18:19:44.226026+00:00
2020-05-24 21:19:54.524471 | /admin/group/group/add/ | GET | 0.0 ms | 2020-05-24 18:19:54.524974+00:00
2020-05-24 21:22:14.231482 | /admin/group/group/add/ | GET | 0.0 ms | 2020-05-24 18:22:14.231889+00:00
2020-05-24 21:23:31.034537 | /admin/group/group/add/ | GET | 0.0 ms | 2020-05-24 18:23:31.034957+00:00
2020-05-24 21:23:31.830394 | /admin/jsi18n/ | GET | 0.0 ms | 2020-05-24 18:23:31.830725+00:00
2020-05-24 21:24:13.708147 | /admin/group/group/ | GET | 0.0 ms | 2020-05-24 18:24:13.708725+00:00
2020-05-24 21:24:14.030380 | /admin/jsi18n/ | GET | 0.0 ms | 2020-05-24 18:24:14.031256+00:00
2020-05-24 21:24:17.749586 | /admin/group/ | GET | 0.0 ms | 2020-05-24 18:24:17.750203+00:00
2020-05-24 21:24:20.988751 | /admin/group/group/ | GET | 0.0 ms | 2020-05-24 18:24:20.989051+00:00
2020-05-24 21:24:21.411166 | /admin/jsi18n/ | GET | 0.0 ms | 2020-05-24 18:24:21.411702+00:00
2020-05-24 21:24:23.898679 | /admin/group/group/add/ | GET | 0.0 ms | 2020-05-24 18:24:23.899007+00:00
2020-05-24 21:24:24.297455 | /admin/jsi18n/ | GET | 0.0 ms | 2020-05-24 18:24:24.297810+00:00
2020-05-24 21:24:56.477331 | /admin/group/group/add/ | POST | 0.0 ms | 2020-05-24 18:24:56.477997+00:00
2020-05-24 21:25:49.181458 | /admin/group/group/add/ | GET | 0.0 ms | 2020-05-24 18:25:49.181759+00:00
2020-05-24 21:25:53.381469 | /admin/group/group/add/ | POST | 0.0 ms | 2020-05-24 18:25:53.381894+00:00
2020-05-24 21:25:58.079754 | /admin/group/group/add/ | GET | 0.0 ms | 2020-05-24 18:25:58.080116+00:00
2020-05-24 21:26:17.122325 | /admin/group/group/add/ | POST | 0.0 ms | 2020-05-24 18:26:17.122647+00:00
2020-05-24 21:26:26.374097 | /admin/group/group/add/ | GET | 0.0 ms | 2020-05-24 18:26:26.374593+00:00
2020-05-24 21:26:30.190542 | /admin/teachers/teacher/add/ | GET | 0.0 ms | 2020-05-24 18:26:30.190852+00:00
2020-05-24 21:26:30.504385 | /admin/jsi18n/ | GET | 0.0 ms | 2020-05-24 18:26:30.504688+00:00
2020-05-24 21:26:49.771077 | /admin/teachers/teacher/add/ | POST | 0.0 ms | 2020-05-24 18:26:49.771414+00:00
2020-05-24 21:34:23.950872 | /admin/group/group/add/ | POST | 0.0 ms | 2020-05-24 18:34:23.952336+00:00
2020-05-24 21:34:33.097488 | /admin/group/group/add/ | GET | 0.0 ms | 2020-05-24 18:34:33.098054+00:00
2020-05-24 21:37:01.055631 | /admin/group/group/add/ | POST | 0.0 ms | 2020-05-24 18:37:01.056069+00:00
2020-05-24 21:42:33.138095 | /admin/ | GET | 0.0 ms | 2020-05-24 18:42:33.138471+00:00
2020-05-24 21:42:37.593412 | /admin/auth/group/ | GET | 0.0 ms | 2020-05-24 18:42:37.594891+00:00
2020-05-24 21:42:37.917094 | /admin/jsi18n/ | GET | 0.0 ms | 2020-05-24 18:42:37.917397+00:00
2020-05-24 21:42:42.325645 | /admin/auth/group/add/ | GET | 0.0 ms | 2020-05-24 18:42:42.325954+00:00
2020-05-24 21:42:42.661897 | /admin/jsi18n/ | GET | 0.0 ms | 2020-05-24 18:42:42.662226+00:00
2020-05-24 21:42:46.125417 | /admin/auth/group/ | GET | 0.0 ms | 2020-05-24 18:42:46.125735+00:00
2020-05-24 21:42:47.390445 | /admin/ | GET | 0.0 ms | 2020-05-24 18:42:47.390778+00:00
2020-05-24 21:42:50.649555 | /admin/group/group/ | GET | 0.0 ms | 2020-05-24 18:42:50.649924+00:00
2020-05-24 21:42:51.004182 | /admin/jsi18n/ | GET | 0.0 ms | 2020-05-24 18:42:51.004488+00:00
2020-05-24 21:42:54.473636 | /admin/group/group/add/ | GET | 0.0 ms | 2020-05-24 18:42:54.473966+00:00
2020-05-24 21:42:54.831137 | /admin/jsi18n/ | GET | 0.0 ms | 2020-05-24 18:42:54.831465+00:00
2020-05-24 21:42:59.088073 | /admin/group/group/add/ | POST | 0.0 ms | 2020-05-24 18:42:59.088405+00:00
2020-05-24 21:42:59.417852 | /admin/jsi18n/ | GET | 0.0 ms | 2020-05-24 18:42:59.418159+00:00
2020-05-24 21:43:19.403153 | /admin/group/group/add/ | POST | 0.0 ms | 2020-05-24 18:43:19.403458+00:00
2020-05-24 21:45:54.955899 | /admin/group/group/add/ | POST | 0.0 ms | 2020-05-24 18:45:54.956389+00:00
2020-05-24 21:46:27.019545 | /admin/group/group/add/ | POST | 0.0 ms | 2020-05-24 18:46:27.020152+00:00
2020-05-24 21:47:53.171312 | /admin/group/group/add/ | POST | 0.0 ms | 2020-05-24 18:47:53.171717+00:00
2020-05-24 21:49:39.598446 | /admin/ | GET | 0.0 ms | 2020-05-24 18:49:39.598837+00:00
2020-05-24 21:49:44.163479 | /admin/group/group/ | GET | 0.0 ms | 2020-05-24 18:49:44.163788+00:00
2020-05-24 21:49:44.532062 | /admin/jsi18n/ | GET | 0.0 ms | 2020-05-24 18:49:44.532384+00:00
2020-05-24 21:49:48.156126 | /admin/group/group/add/ | GET | 0.0 ms | 2020-05-24 18:49:48.157195+00:00
2020-05-24 21:49:48.550632 | /admin/jsi18n/ | GET | 0.0 ms | 2020-05-24 18:49:48.551199+00:00
2020-05-24 21:50:00.606513 | /admin/group/group/add/ | POST | 0.0 ms | 2020-05-24 18:50:00.606987+00:00
2020-05-24 21:50:01.046145 | /admin/jsi18n/ | GET | 0.0 ms | 2020-05-24 18:50:01.046439+00:00
2020-05-24 21:50:09.434153 | /admin/group/group/add/ | POST | 0.0 ms | 2020-05-24 18:50:09.435013+00:00
2020-05-24 21:51:11.080587 | /admin/ | GET | 0.0 ms | 2020-05-24 18:51:11.081050+00:00
2020-05-24 21:51:14.241583 | /admin/group/group/add/ | GET | 0.0 ms | 2020-05-24 18:51:14.242108+00:00
2020-05-24 21:51:14.625304 | /admin/jsi18n/ | GET | 0.0 ms | 2020-05-24 18:51:14.625779+00:00
2020-05-24 21:51:34.355264 | /admin/group/group/add/ | POST | 0.0 ms | 2020-05-24 18:51:34.355582+00:00
2020-05-24 21:51:34.650689 | /admin/group/group/ | GET | 0.0 ms | 2020-05-24 18:51:34.651657+00:00
2020-05-24 21:51:35.006588 | /admin/jsi18n/ | GET | 0.0 ms | 2020-05-24 18:51:35.007101+00:00
2020-05-24 21:51:42.610266 | /admin/group/group/add/ | GET | 0.0 ms | 2020-05-24 18:51:42.611272+00:00
2020-05-24 21:51:46.204301 | /admin/group/group/add/ | POST | 0.0 ms | 2020-05-24 18:51:46.204617+00:00
2020-05-24 21:51:46.630774 | /admin/jsi18n/ | GET | 0.0 ms | 2020-05-24 18:51:46.631144+00:00
2020-05-24 21:51:52.983292 | /admin/group/group/add/ | POST | 0.0 ms | 2020-05-24 18:51:52.983629+00:00
2020-05-24 21:51:53.401968 | /admin/group/group/7/change/ | GET | 0.0 ms | 2020-05-24 18:51:53.402279+00:00
2020-05-24 21:51:53.775798 | /admin/jsi18n/ | GET | 0.0 ms | 2020-05-24 18:51:53.776317+00:00
2020-05-24 21:51:56.040782 | /admin/group/group/7/change/ | POST | 0.0 ms | 2020-05-24 18:51:56.042206+00:00
2020-05-24 21:51:56.363050 | /admin/group/group/add/ | GET | 0.0 ms | 2020-05-24 18:51:56.364044+00:00
2020-05-24 21:51:56.770609 | /admin/jsi18n/ | GET | 0.0 ms | 2020-05-24 18:51:56.770940+00:00
2020-05-24 21:52:13.250455 | /admin/group/group/add/ | POST | 0.0 ms | 2020-05-24 18:52:13.250780+00:00
2020-05-24 21:52:13.693252 | /admin/jsi18n/ | GET | 0.0 ms | 2020-05-24 18:52:13.693581+00:00
2020-05-24 21:52:19.205027 | /admin/group/group/add/ | POST | 0.0 ms | 2020-05-24 18:52:19.205348+00:00
2020-05-24 21:52:19.604281 | /admin/group/group/add/ | GET | 0.0 ms | 2020-05-24 18:52:19.604594+00:00
2020-05-24 21:52:20.014757 | /admin/jsi18n/ | GET | 0.0 ms | 2020-05-24 18:52:20.015066+00:00
2020-05-24 21:52:23.364802 | /admin/group/group/8/change/ | GET | 0.0 ms | 2020-05-24 18:52:23.367000+00:00
2020-05-24 21:52:23.728430 | /admin/jsi18n/ | GET | 0.0 ms | 2020-05-24 18:52:23.728819+00:00
